# JRE version: OpenJDK Runtime Environment (19.0.2+7) (build 19.0.2+7-44)
# Java VM: OpenJDK 64-Bit Server VM (19.0.2+7-44, mixed mode, emulated-client, sharing, tiered, compressed oops, compressed class ptrs, g1 gc, windows-amd64)
GC Precious Log:
 CardTable entry size: 512
 Card Set container configuration: InlinePtr #cards 5 size 8 Array Of Cards #cards 12 size 40 Howl #buckets 4 coarsen threshold 1843 Howl Bitmap #cards 512 size 80 coarsen threshold 460 Card regions per heap region 1 cards per card region 2048
 CPUs: 4 total, 4 available
 Memory: 7074M
 Large Page Support: Disabled
 NUMA Support: Disabled
 Compressed Oops: Enabled (32-bit)
 Heap Region Size: 1M
 Heap Min Capacity: 8M
 Heap Initial Capacity: 112M
 Heap Max Capacity: 1770M
 Pre-touch: Disabled
 Parallel Workers: 4
 Concurrent Workers: 1
 Concurrent Refinement Workers: 4
 Periodic GC: Disabled
Heap:
 garbage-first heap   total 114688K, used 22128K [0x0000000091600000, 0x0000000100000000)
  region size 1024K, 2 young (2048K), 2 survivors (2048K)
 Metaspace       used 60024K, committed 60864K, reserved 1114112K
  class space    used 8243K, committed 8576K, reserved 1048576K
GC Heap History (20 events):
Event: 92.992 GC heap after
{Heap after GC invocations=16 (full 0):
 garbage-first heap   total 51200K, used 26719K [0x0000000091600000, 0x0000000100000000)
  region size 1024K, 2 young (2048K), 2 survivors (2048K)
 Metaspace       used 59462K, committed 60160K, reserved 1114112K
  class space    used 8144K, committed 8448K, reserved 1048576K
}
Event: 193.628 GC heap before
{Heap before GC invocations=17 (full 0):
 garbage-first heap   total 51200K, used 30815K [0x0000000091600000, 0x0000000100000000)
  region size 1024K, 7 young (7168K), 2 survivors (2048K)
 Metaspace       used 59716K, committed 60224K, reserved 1114112K
  class space    used 8194K, committed 8448K, reserved 1048576K
}
Event: 193.732 GC heap after
{Heap after GC invocations=18 (full 1):
 garbage-first heap   total 51200K, used 19403K [0x0000000091600000, 0x0000000100000000)
  region size 1024K, 0 young (0K), 0 survivors (0K)
 Metaspace       used 59639K, committed 60224K, reserved 1114112K
  class space    used 8175K, committed 8448K, reserved 1048576K
}
Event: 197.344 GC heap before
{Heap before GC invocations=18 (full 1):
 garbage-first heap   total 51200K, used 37835K [0x0000000091600000, 0x0000000100000000)
  region size 1024K, 19 young (19456K), 0 survivors (0K)
 Metaspace       used 59747K, committed 60224K, reserved 1114112K
  class space    used 8203K, committed 8448K, reserved 1048576K
}
Event: 197.350 GC heap after
{Heap after GC invocations=19 (full 1):
 garbage-first heap   total 51200K, used 21520K [0x0000000091600000, 0x0000000100000000)
  region size 1024K, 3 young (3072K), 3 survivors (3072K)
 Metaspace       used 59747K, committed 60224K, reserved 1114112K
  class space    used 8203K, committed 8448K, reserved 1048576K
}
Event: 207.868 GC heap before
{Heap before GC invocations=19 (full 1):
 garbage-first heap   total 51200K, used 36880K [0x0000000091600000, 0x0000000100000000)
  region size 1024K, 19 young (19456K), 3 survivors (3072K)
 Metaspace       used 59855K, committed 60416K, reserved 1114112K
  class space    used 8235K, committed 8448K, reserved 1048576K
}
Event: 207.875 GC heap after
{Heap after GC invocations=20 (full 1):
 garbage-first heap   total 51200K, used 22627K [0x0000000091600000, 0x0000000100000000)
  region size 1024K, 2 young (2048K), 2 survivors (2048K)
 Metaspace       used 59855K, committed 60416K, reserved 1114112K
  class space    used 8235K, committed 8448K, reserved 1048576K
}
Event: 211.399 GC heap before
{Heap before GC invocations=20 (full 1):
 garbage-first heap   total 51200K, used 37987K [0x0000000091600000, 0x0000000100000000)
  region size 1024K, 17 young (17408K), 2 survivors (2048K)
 Metaspace       used 59928K, committed 60544K, reserved 1114112K
  class space    used 8252K, committed 8512K, reserved 1048576K
}
Event: 211.406 GC heap after
{Heap after GC invocations=21 (full 1):
 garbage-first heap   total 51200K, used 24065K [0x0000000091600000, 0x0000000100000000)
  region size 1024K, 3 young (3072K), 3 survivors (3072K)
 Metaspace       used 59928K, committed 60544K, reserved 1114112K
  class space    used 8252K, committed 8512K, reserved 1048576K
}
Event: 212.412 GC heap before
{Heap before GC invocations=22 (full 1):
 garbage-first heap   total 51200K, used 38401K [0x0000000091600000, 0x0000000100000000)
  region size 1024K, 17 young (17408K), 3 survivors (3072K)
 Metaspace       used 60083K, committed 60672K, reserved 1114112K
  class space    used 8262K, committed 8512K, reserved 1048576K
}
Event: 212.422 GC heap after
{Heap after GC invocations=23 (full 1):
 garbage-first heap   total 51200K, used 25784K [0x0000000091600000, 0x0000000100000000)
  region size 1024K, 2 young (2048K), 2 survivors (2048K)
 Metaspace       used 60083K, committed 60672K, reserved 1114112K
  class space    used 8262K, committed 8512K, reserved 1048576K
}
Event: 212.455 GC heap before
{Heap before GC invocations=23 (full 1):
 garbage-first heap   total 51200K, used 26808K [0x0000000091600000, 0x0000000100000000)
  region size 1024K, 3 young (3072K), 2 survivors (2048K)
 Metaspace       used 60088K, committed 60672K, reserved 1114112K
  class space    used 8264K, committed 8512K, reserved 1048576K
}
Event: 212.462 GC heap after
{Heap after GC invocations=24 (full 1):
 garbage-first heap   total 51200K, used 26124K [0x0000000091600000, 0x0000000100000000)
  region size 1024K, 1 young (1024K), 1 survivors (1024K)
 Metaspace       used 60088K, committed 60672K, reserved 1114112K
  class space    used 8264K, committed 8512K, reserved 1048576K
}
Event: 213.729 GC heap before
{Heap before GC invocations=24 (full 1):
 garbage-first heap   total 51200K, used 38412K [0x0000000091600000, 0x0000000100000000)
  region size 1024K, 14 young (14336K), 1 survivors (1024K)
 Metaspace       used 60123K, committed 60736K, reserved 1114112K
  class space    used 8272K, committed 8512K, reserved 1048576K
}
Event: 213.736 GC heap after
{Heap after GC invocations=25 (full 1):
 garbage-first heap   total 51200K, used 28069K [0x0000000091600000, 0x0000000100000000)
  region size 1024K, 2 young (2048K), 2 survivors (2048K)
 Metaspace       used 60123K, committed 60736K, reserved 1114112K
  class space    used 8272K, committed 8512K, reserved 1048576K
}
Event: 562.325 GC heap before
{Heap before GC invocations=26 (full 1):
 garbage-first heap   total 51200K, used 39333K [0x0000000091600000, 0x0000000100000000)
  region size 1024K, 13 young (13312K), 2 survivors (2048K)
 Metaspace       used 60226K, committed 60864K, reserved 1114112K
  class space    used 8293K, committed 8576K, reserved 1048576K
}
Event: 562.333 GC heap after
{Heap after GC invocations=27 (full 1):
 garbage-first heap   total 51200K, used 28667K [0x0000000091600000, 0x0000000100000000)
  region size 1024K, 1 young (1024K), 1 survivors (1024K)
 Metaspace       used 60226K, committed 60864K, reserved 1114112K
  class space    used 8293K, committed 8576K, reserved 1048576K
}
Event: 562.372 GC heap before
{Heap before GC invocations=27 (full 1):
 garbage-first heap   total 51200K, used 28667K [0x0000000091600000, 0x0000000100000000)
  region size 1024K, 2 young (2048K), 1 survivors (1024K)
 Metaspace       used 60226K, committed 60864K, reserved 1114112K
  class space    used 8293K, committed 8576K, reserved 1048576K
}
Event: 562.480 GC heap after
{Heap after GC invocations=28 (full 2):
 garbage-first heap   total 51200K, used 20272K [0x0000000091600000, 0x0000000100000000)
  region size 1024K, 0 young (0K), 0 survivors (0K)
 Metaspace       used 59998K, committed 60864K, reserved 1114112K
  class space    used 8237K, committed 8576K, reserved 1048576K
}
Event: 564.805 GC heap before
{Heap before GC invocations=28 (full 2):
 garbage-first heap   total 51200K, used 35632K [0x0000000091600000, 0x0000000100000000)
  region size 1024K, 16 young (16384K), 0 survivors (0K)
 Metaspace       used 60024K, committed 60864K, reserved 1114112K
  class space    used 8243K, committed 8576K, reserved 1048576K
}

